Linked: (/home/raminudash/catkin_ws/devel/.private/uuv_auv_control_allocator/share/uuv_auv_control_allocator/cmake/uuv_auv_control_allocatorConfig-version.cmake, /home/raminudash/catkin_ws/devel/share/uuv_auv_control_allocator/cmake/uuv_auv_control_allocatorConfig-version.cmake)
Linked: (/home/raminudash/catkin_ws/devel/.private/uuv_auv_control_allocator/share/uuv_auv_control_allocator/cmake/uuv_auv_control_allocatorConfig.cmake, /home/raminudash/catkin_ws/devel/share/uuv_auv_control_allocator/cmake/uuv_auv_control_allocatorConfig.cmake)
Linked: (/home/raminudash/catkin_ws/devel/.private/uuv_auv_control_allocator/share/uuv_auv_control_allocator/cmake/uuv_auv_control_allocator-msg-paths.cmake, /home/raminudash/catkin_ws/devel/share/uuv_auv_control_allocator/cmake/uuv_auv_control_allocator-msg-paths.cmake)
Linked: (/home/raminudash/catkin_ws/devel/.private/uuv_auv_control_allocator/share/uuv_auv_control_allocator/cmake/uuv_auv_control_allocator-msg-extras.cmake, /home/raminudash/catkin_ws/devel/share/uuv_auv_control_allocator/cmake/uuv_auv_control_allocator-msg-extras.cmake)
Linked: (/home/raminudash/catkin_ws/devel/.private/uuv_auv_control_allocator/share/common-lisp/ros/uuv_auv_control_allocator/msg/_package_AUVCommand.lisp, /home/raminudash/catkin_ws/devel/share/common-lisp/ros/uuv_auv_control_allocator/msg/_package_AUVCommand.lisp)
Linked: (/home/raminudash/catkin_ws/devel/.private/uuv_auv_control_allocator/share/common-lisp/ros/uuv_auv_control_allocator/msg/_package.lisp, /home/raminudash/catkin_ws/devel/share/common-lisp/ros/uuv_auv_control_allocator/msg/_package.lisp)
Linked: (/home/raminudash/catkin_ws/devel/.private/uuv_auv_control_allocator/share/common-lisp/ros/uuv_auv_control_allocator/msg/uuv_auv_control_allocator-msg.asd, /home/raminudash/catkin_ws/devel/share/common-lisp/ros/uuv_auv_control_allocator/msg/uuv_auv_control_allocator-msg.asd)
Linked: (/home/raminudash/catkin_ws/devel/.private/uuv_auv_control_allocator/share/common-lisp/ros/uuv_auv_control_allocator/msg/AUVCommand.lisp, /home/raminudash/catkin_ws/devel/share/common-lisp/ros/uuv_auv_control_allocator/msg/AUVCommand.lisp)
Linked: (/home/raminudash/catkin_ws/devel/.private/uuv_auv_control_allocator/share/gennodejs/ros/uuv_auv_control_allocator/_index.js, /home/raminudash/catkin_ws/devel/share/gennodejs/ros/uuv_auv_control_allocator/_index.js)
Linked: (/home/raminudash/catkin_ws/devel/.private/uuv_auv_control_allocator/share/gennodejs/ros/uuv_auv_control_allocator/msg/AUVCommand.js, /home/raminudash/catkin_ws/devel/share/gennodejs/ros/uuv_auv_control_allocator/msg/AUVCommand.js)
Linked: (/home/raminudash/catkin_ws/devel/.private/uuv_auv_control_allocator/share/gennodejs/ros/uuv_auv_control_allocator/msg/_index.js, /home/raminudash/catkin_ws/devel/share/gennodejs/ros/uuv_auv_control_allocator/msg/_index.js)
Linked: (/home/raminudash/catkin_ws/devel/.private/uuv_auv_control_allocator/share/roseus/ros/uuv_auv_control_allocator/manifest.l, /home/raminudash/catkin_ws/devel/share/roseus/ros/uuv_auv_control_allocator/manifest.l)
Linked: (/home/raminudash/catkin_ws/devel/.private/uuv_auv_control_allocator/share/roseus/ros/uuv_auv_control_allocator/msg/AUVCommand.l, /home/raminudash/catkin_ws/devel/share/roseus/ros/uuv_auv_control_allocator/msg/AUVCommand.l)
Linked: (/home/raminudash/catkin_ws/devel/.private/uuv_auv_control_allocator/include/uuv_auv_control_allocator/AUVCommand.h, /home/raminudash/catkin_ws/devel/include/uuv_auv_control_allocator/AUVCommand.h)
Linked: (/home/raminudash/catkin_ws/devel/.private/uuv_auv_control_allocator/lib/uuv_auv_control_allocator/cmake.lock, /home/raminudash/catkin_ws/devel/lib/uuv_auv_control_allocator/cmake.lock)
Linked: (/home/raminudash/catkin_ws/devel/.private/uuv_auv_control_allocator/lib/uuv_auv_control_allocator/control_allocator, /home/raminudash/catkin_ws/devel/lib/uuv_auv_control_allocator/control_allocator)
Linked: (/home/raminudash/catkin_ws/devel/.private/uuv_auv_control_allocator/lib/python3/dist-packages/uuv_auv_control_allocator/__init__.py, /home/raminudash/catkin_ws/devel/lib/python3/dist-packages/uuv_auv_control_allocator/__init__.py)
Linked: (/home/raminudash/catkin_ws/devel/.private/uuv_auv_control_allocator/lib/python3/dist-packages/uuv_auv_control_allocator/msg/__init__.py, /home/raminudash/catkin_ws/devel/lib/python3/dist-packages/uuv_auv_control_allocator/msg/__init__.py)
Linked: (/home/raminudash/catkin_ws/devel/.private/uuv_auv_control_allocator/lib/python3/dist-packages/uuv_auv_control_allocator/msg/_AUVCommand.py, /home/raminudash/catkin_ws/devel/lib/python3/dist-packages/uuv_auv_control_allocator/msg/_AUVCommand.py)
Linked: (/home/raminudash/catkin_ws/devel/.private/uuv_auv_control_allocator/lib/python3/dist-packages/uuv_auv_actuator_interface/__init__.py, /home/raminudash/catkin_ws/devel/lib/python3/dist-packages/uuv_auv_actuator_interface/__init__.py)
Linked: (/home/raminudash/catkin_ws/devel/.private/uuv_auv_control_allocator/lib/pkgconfig/uuv_auv_control_allocator.pc, /home/raminudash/catkin_ws/devel/lib/pkgconfig/uuv_auv_control_allocator.pc)
