CMake Warning (dev) at CMakeLists.txt:2 (project):
  Policy CMP0048 is not set: project() command manages VERSION variables.
  Run "cmake --help-policy CMP0048" for policy details.  Use the cmake_policy
  command to set the policy and suppress this warning.

  The following variable(s) would be set to empty:

    CMAKE_PROJECT_VERSION
    CMAKE_PROJECT_VERSION_MAJOR
    CMAKE_PROJECT_VERSION_MINOR
    CMAKE_PROJECT_VERSION_PATCH
This warning is for project developers.  Use -Wno-dev to suppress it.

[36m--[0m Using CATKIN_DEVEL_PREFIX: /home/raminudash/catkin_ws/devel/.private/uuv_assistants
[36m--[0m Using CMAKE_PREFIX_PATH: /home/raminudash/catkin_ws/devel;/opt/ros/noetic
[36m--[0m This workspace overlays: /home/raminudash/catkin_ws/devel;/opt/ros/noetic
[36m--[0m Found PythonInterp: /usr/bin/python3 (found suitable version "3.8.10", minimum required is "3")
[36m--[0m Using PYTHON_EXECUTABLE: /usr/bin/python3
[36m--[0m Using Debian Python package layout
[36m--[0m Using empy: /usr/lib/python3/dist-packages/em.py
[36m--[0m Using CATKIN_ENABLE_TESTING: ON
[36m--[0m Call enable_testing()
[36m--[0m Using CATKIN_TEST_RESULTS_DIR: /home/raminudash/catkin_ws/build/uuv_assistants/test_results
[36m--[0m Forcing gtest/gmock from source, though one was otherwise available.
[36m--[0m Found gtest sources under '/usr/src/googletest': gtests will be built
[36m--[0m Found gmock sources under '/usr/src/googletest': gmock will be built
[36m--[0m Found PythonInterp: /usr/bin/python3 (found version "3.8.10")
[36m--[0m Using Python nosetests: /usr/bin/nosetests3
[36m--[0m catkin 0.8.10
[36m--[0m BUILD_SHARED_LIBS is on
[36m--[0m Using these message generators: gencpp;geneus;genlisp;gennodejs;genpy
[36m--[0m Installing devel-space wrapper /home/raminudash/catkin_ws/src/uuv_simulator_noetic/uuv_assistants/scripts/publish_footprints.py to /home/raminudash/catkin_ws/devel/.private/uuv_assistants/lib/uuv_assistants
[36m--[0m Installing devel-space wrapper /home/raminudash/catkin_ws/src/uuv_simulator_noetic/uuv_assistants/scripts/set_simulation_timer.py to /home/raminudash/catkin_ws/devel/.private/uuv_assistants/lib/uuv_assistants
[36m--[0m Installing devel-space wrapper /home/raminudash/catkin_ws/src/uuv_simulator_noetic/uuv_assistants/scripts/publish_world_models.py to /home/raminudash/catkin_ws/devel/.private/uuv_assistants/lib/uuv_assistants
[36m--[0m Installing devel-space wrapper /home/raminudash/catkin_ws/src/uuv_simulator_noetic/uuv_assistants/scripts/publish_vehicle_footprint.py to /home/raminudash/catkin_ws/devel/.private/uuv_assistants/lib/uuv_assistants
[36m--[0m Installing devel-space wrapper /home/raminudash/catkin_ws/src/uuv_simulator_noetic/uuv_assistants/scripts/unpause_simulation.py to /home/raminudash/catkin_ws/devel/.private/uuv_assistants/lib/uuv_assistants
[36m--[0m Installing devel-space wrapper /home/raminudash/catkin_ws/src/uuv_simulator_noetic/uuv_assistants/scripts/create_new_robot_model to /home/raminudash/catkin_ws/devel/.private/uuv_assistants/lib/uuv_assistants
[36m--[0m Installing devel-space wrapper /home/raminudash/catkin_ws/src/uuv_simulator_noetic/uuv_assistants/scripts/create_thruster_manager_configuration to /home/raminudash/catkin_ws/devel/.private/uuv_assistants/lib/uuv_assistants
[36m--[0m Configuring done
[36m--[0m Generating done
[36m--[0m Build files have been written to: /home/raminudash/catkin_ws/build/uuv_assistants
